Using pre-set license
Built from '2021.1/staging' branch; Version is '2021.1.27f1 (7e296a84045d) revision 8268138'; Using compiler version '192528614'; Build Type 'Release'
OS: 'Windows 10 Home; OS build 19044.1415; Version 2009; 64bit' Language: 'ko' Physical Memory: 8108 MB
BatchMode: 1, IsHumanControllingUs: 0, StartBugReporterOnCrash: 0, Is64bit: 1, IsPro: 0

COMMAND LINE ARGUMENTS:
C:\Program Files\Unity\Hub\Editor\2021.1.27f1\Editor\Unity.exe
-adb2
-batchMode
-noUpm
-name
AssetImportWorker1
-projectPath
C:/Users/aktmz/OneDrive/바탕 화면/uniity/Unity_2d_rhythm/Rhythm Game
-logFile
Logs/AssetImportWorker1.log
-srvPort
61968
Successfully changed project path to: C:/Users/aktmz/OneDrive/바탕 화면/uniity/Unity_2d_rhythm/Rhythm Game
C:/Users/aktmz/OneDrive/바탕 화면/uniity/Unity_2d_rhythm/Rhythm Game
Using Asset Import Pipeline V2.
Refreshing native plugins compatible for Editor in 448.60 ms, found 4 plugins.
Preloading 0 native plugins for Editor in 0.00 ms.
Initialize engine version: 2021.1.27f1 (7e296a84045d)
[Subsystems] Discovering subsystems at path C:/Program Files/Unity/Hub/Editor/2021.1.27f1/Editor/Data/Resources/UnitySubsystems
[Subsystems] Discovering subsystems at path C:/Users/aktmz/OneDrive/바탕 화면/uniity/Unity_2d_rhythm/Rhythm Game/Assets
GfxDevice: creating device client; threaded=0; jobified=0
Direct3D:
    Version:  Direct3D 11.0 [level 11.1]
    Renderer: Intel(R) HD Graphics 520 (ID=0x1916)
    Vendor:   Intel
    VRAM:     4054 MB
    Driver:   27.20.100.8681
Initialize mono
Mono path[0] = 'C:/Program Files/Unity/Hub/Editor/2021.1.27f1/Editor/Data/Managed'
Mono path[1] = 'C:/Program Files/Unity/Hub/Editor/2021.1.27f1/Editor/Data/MonoBleedingEdge/lib/mono/unityjit'
Mono config path = 'C:/Program Files/Unity/Hub/Editor/2021.1.27f1/Editor/Data/MonoBleedingEdge/etc'
Using monoOptions --debugger-agent=transport=dt_socket,embedding=1,server=y,suspend=n,address=127.0.0.1:56412
Begin MonoManager ReloadAssembly
Registering precompiled unity dll's ...
Register platform support module: C:/Program Files/Unity/Hub/Editor/2021.1.27f1/Editor/Data/PlaybackEngines/WindowsStandaloneSupport/UnityEditor.WindowsStandalone.Extensions.dll
Registered in 0.007450 seconds.
Native extension for WindowsStandalone target not found
Refreshing native plugins compatible for Editor in 1068.50 ms, found 4 plugins.
Preloading 0 native plugins for Editor in 0.00 ms.
Mono: successfully reloaded assembly
- Completed reload, in  6.789 seconds
Domain Reload Profiling:
	ReloadAssembly (6790ms)
		BeginReloadAssembly (242ms)
			ExecutionOrderSort (0ms)
			DisableScriptedObjects (0ms)
			BackupInstance (0ms)
			ReleaseScriptingObjects (0ms)
			CreateAndSetChildDomain (2ms)
		EndReloadAssembly (3376ms)
			LoadAssemblies (234ms)
			RebuildTransferFunctionScriptingTraits (0ms)
			SetupTypeCache (1083ms)
			ReleaseScriptCaches (0ms)
			RebuildScriptCaches (68ms)
			SetupLoadedEditorAssemblies (1997ms)
				LogAssemblyErrors (0ms)
				InitializePlatformSupportModulesInManaged (15ms)
				SetLoadedEditorAssemblies (0ms)
				RefreshPlugins (1069ms)
				BeforeProcessingInitializeOnLoad (13ms)
				ProcessInitializeOnLoadAttributes (756ms)
				ProcessInitializeOnLoadMethodAttributes (144ms)
				AfterProcessingInitializeOnLoad (0ms)
				EditorAssembliesLoaded (0ms)
			ExecutionOrderSort2 (0ms)
			AwakeInstancesAfterBackupRestoration (0ms)
Platform modules already initialized, skipping
Registering precompiled user dll's ...
Registered in 0.036206 seconds.
Begin MonoManager ReloadAssembly
Symbol file LoadedFromMemory doesn't match image C:\Users\aktmz\OneDrive\바탕 화면\uniity\Unity_2d_rhythm\Rhythm Game\Library\PackageCache\com.unity.visualscripting@1.6.1\Editor\VisualScripting.Core\Dependencies\YamlDotNet\Unity.VisualScripting.YamlDotNet.dll
Symbol file LoadedFromMemory doesn't match image C:\Users\aktmz\OneDrive\바탕 화면\uniity\Unity_2d_rhythm\Rhythm Game\Library\PackageCache\com.unity.visualscripting@1.6.1\Editor\VisualScripting.Core\Dependencies\DotNetZip\Unity.VisualScripting.IonicZip.dll
Native extension for WindowsStandalone target not found
Refreshing native plugins compatible for Editor in 381.07 ms, found 4 plugins.
Preloading 0 native plugins for Editor in 0.00 ms.
Mono: successfully reloaded assembly
- Completed reload, in  6.223 seconds
Domain Reload Profiling:
	ReloadAssembly (6224ms)
		BeginReloadAssembly (1193ms)
			ExecutionOrderSort (0ms)
			DisableScriptedObjects (21ms)
			BackupInstance (0ms)
			ReleaseScriptingObjects (0ms)
			CreateAndSetChildDomain (223ms)
		EndReloadAssembly (4848ms)
			LoadAssemblies (349ms)
			RebuildTransferFunctionScriptingTraits (0ms)
			SetupTypeCache (1682ms)
			ReleaseScriptCaches (1ms)
			RebuildScriptCaches (201ms)
			SetupLoadedEditorAssemblies (2191ms)
				LogAssemblyErrors (0ms)
				InitializePlatformSupportModulesInManaged (14ms)
				SetLoadedEditorAssemblies (1ms)
				RefreshPlugins (381ms)
				BeforeProcessingInitializeOnLoad (280ms)
				ProcessInitializeOnLoadAttributes (1364ms)
				ProcessInitializeOnLoadMethodAttributes (120ms)
				AfterProcessingInitializeOnLoad (31ms)
				EditorAssembliesLoaded (0ms)
			ExecutionOrderSort2 (0ms)
			AwakeInstancesAfterBackupRestoration (49ms)
Platform modules already initialized, skipping
========================================================================
Worker process is ready to serve import requests
Launched and connected shader compiler UnityShaderCompiler.exe after 0.51 seconds
Refreshing native plugins compatible for Editor in 2.69 ms, found 4 plugins.
Preloading 0 native plugins for Editor in 0.00 ms.
Unloading 3773 Unused Serialized files (Serialized files now loaded: 0)
System memory in use before: 139.3 MB.
System memory in use after: 139.5 MB.

Unloading 33 unused Assets to reduce memory usage. Loaded Objects now: 4223.
Total: 8.974300 ms (FindLiveObjects: 0.526300 ms CreateObjectMapping: 0.441000 ms MarkObjects: 7.895900 ms  DeleteObjects: 0.108900 ms)

AssetImportParameters requested are different than current active one (requested -> active):
  custom:framework-win-MediaFoundation: 216162199b28c13a410421893ffa2e32 -> 
  custom:video-decoder-ogg-theora: a1e56fd34408186e4bbccfd4996cb3dc -> 
  custom:container-muxer-webm: aa71ff27fc2769a1b78a27578f13a17b -> 
  custom:container-demuxer-webm: 4f35f7cbe854078d1ac9338744f61a02 -> 
  custom:container-demuxer-ogg: 62fdf1f143b41e24485cea50d1cbac27 -> 
  custom:video-encoder-webm-vp8: eb34c28f22e8b96e1ab97ce403110664 -> 
  custom:video-decoder-webm-vp8: 9c59270c3fd7afecdb556c50c9e8de78 -> 
  custom:audio-decoder-ogg-vorbis: bf7c407c2cedff20999df2af8eb42d56 -> 
  custom:audio-encoder-webm-vorbis: bf7c407c2cedff20999df2af8eb42d56 -> 
========================================================================
Received Import Request.
  path: Assets/3-1 Rhythm Game Sprites/Note 3.png
  artifactKey: Guid(45278643249c74348a908965c3f2f6de) Importer(815301076,1909f56bfc062723c751e8b465ee728b)
Start importing Assets/3-1 Rhythm Game Sprites/Note 3.png using Guid(45278643249c74348a908965c3f2f6de) Importer(815301076,1909f56bfc062723c751e8b465ee728b)  -> (artifact id: '95a410380822ec79cc436b79bdfac94a') in 0.342056 seconds 
========================================================================
Received Import Request.
  Time since last request: 0.000997 seconds.
  path: Assets/3-1 Rhythm Game Sprites/Rank C.png
  artifactKey: Guid(06d9efc4a1d2d594ea7ca0df4400957d) Importer(815301076,1909f56bfc062723c751e8b465ee728b)
Start importing Assets/3-1 Rhythm Game Sprites/Rank C.png using Guid(06d9efc4a1d2d594ea7ca0df4400957d) Importer(815301076,1909f56bfc062723c751e8b465ee728b)  -> (artifact id: '9ba6bd23ce93493dec883dbd7bc96dd8') in 0.111818 seconds 
========================================================================
Received Import Request.
  Time since last request: 0.000339 seconds.
  path: Assets/3-1 Rhythm Game Sprites/Left Arrow.png
  artifactKey: Guid(0a4ce9871a817f046ac1eeef2c82b8fd) Importer(815301076,1909f56bfc062723c751e8b465ee728b)
Start importing Assets/3-1 Rhythm Game Sprites/Left Arrow.png using Guid(0a4ce9871a817f046ac1eeef2c82b8fd) Importer(815301076,1909f56bfc062723c751e8b465ee728b)  -> (artifact id: 'd25a58a93b8ac3f8d6c83d225e338687') in 0.133222 seconds 
========================================================================
Received Import Request.
  Time since last request: 0.000346 seconds.
  path: Assets/3-1 Rhythm Game Sprites/Rank B.png
  artifactKey: Guid(bf2995401f5757848a4c7b3351d5e2a5) Importer(815301076,1909f56bfc062723c751e8b465ee728b)
Start importing Assets/3-1 Rhythm Game Sprites/Rank B.png using Guid(bf2995401f5757848a4c7b3351d5e2a5) Importer(815301076,1909f56bfc062723c751e8b465ee728b)  -> (artifact id: '606604c5908f069720529ef1a028c7e5') in 0.063934 seconds 
========================================================================
Received Import Request.
  Time since last request: 0.000706 seconds.
  path: Assets/3-1 Rhythm Game Sprites/Game Background.jpg
  artifactKey: Guid(8fbcb190077c5fa4eafec95f51d73273) Importer(815301076,1909f56bfc062723c751e8b465ee728b)
Start importing Assets/3-1 Rhythm Game Sprites/Game Background.jpg using Guid(8fbcb190077c5fa4eafec95f51d73273) Importer(815301076,1909f56bfc062723c751e8b465ee728b)  -> (artifact id: 'd2512bde7e7ce2a0e617829819b99982') in 0.474968 seconds 
========================================================================
Received Import Request.
  Time since last request: 0.000795 seconds.
  path: Assets/3-1 Rhythm Game Sprites/Rank S.png
  artifactKey: Guid(7fee2d874a21396448f13e3553eca622) Importer(815301076,1909f56bfc062723c751e8b465ee728b)
Start importing Assets/3-1 Rhythm Game Sprites/Rank S.png using Guid(7fee2d874a21396448f13e3553eca622) Importer(815301076,1909f56bfc062723c751e8b465ee728b)  -> (artifact id: '3bbe0056f8762c885cfe9fef9f030056') in 0.099245 seconds 
========================================================================
Received Import Request.
  Time since last request: 0.000392 seconds.
  path: Assets/3-1 Rhythm Game Sprites/backGround.jpg
  artifactKey: Guid(de1b3e4a65e8eb441aad74e7bad94f98) Importer(815301076,1909f56bfc062723c751e8b465ee728b)
Start importing Assets/3-1 Rhythm Game Sprites/backGround.jpg using Guid(de1b3e4a65e8eb441aad74e7bad94f98) Importer(815301076,1909f56bfc062723c751e8b465ee728b)  -> (artifact id: '3fe2804d94df2579652d8218df36e000') in 0.090251 seconds 
========================================================================
Received Import Request.
  Time since last request: 0.000427 seconds.
  path: Assets/3-1 Rhythm Game Sprites/Game Background (Shine).jpg
  artifactKey: Guid(85819dfd47a340845aa155c1564b6d30) Importer(815301076,1909f56bfc062723c751e8b465ee728b)
Start importing Assets/3-1 Rhythm Game Sprites/Game Background (Shine).jpg using Guid(85819dfd47a340845aa155c1564b6d30) Importer(815301076,1909f56bfc062723c751e8b465ee728b)  -> (artifact id: 'df1b1f4c0397756254a0b99996419f4f') in 0.092314 seconds 
========================================================================
Received Import Request.
  Time since last request: 0.000405 seconds.
  path: Assets/3-1 Rhythm Game Sprites/Note 4.png
  artifactKey: Guid(36e715b41685fbd419d4b17e118cad22) Importer(815301076,1909f56bfc062723c751e8b465ee728b)
Start importing Assets/3-1 Rhythm Game Sprites/Note 4.png using Guid(36e715b41685fbd419d4b17e118cad22) Importer(815301076,1909f56bfc062723c751e8b465ee728b)  -> (artifact id: 'b8923710bf68dd1336b3b1de90d0ca17') in 0.060611 seconds 
========================================================================
Received Import Request.
  Time since last request: 0.000653 seconds.
  path: Assets/font/BelloPro.ttf
  artifactKey: Guid(596115bb85574d041b6b390866ed7880) Importer(815301076,1909f56bfc062723c751e8b465ee728b)
Start importing Assets/font/BelloPro.ttf using Guid(596115bb85574d041b6b390866ed7880) Importer(815301076,1909f56bfc062723c751e8b465ee728b)  -> (artifact id: 'e465c9cddce4b018dffd9589002ca771') in 0.158412 seconds 
========================================================================
Received Import Request.
  Time since last request: 0.000399 seconds.
  path: Assets/3-1 Rhythm Game Sprites/backGroundWhite.jpg
  artifactKey: Guid(fd664361aa879ac49a05b310808c9151) Importer(815301076,1909f56bfc062723c751e8b465ee728b)
Start importing Assets/3-1 Rhythm Game Sprites/backGroundWhite.jpg using Guid(fd664361aa879ac49a05b310808c9151) Importer(815301076,1909f56bfc062723c751e8b465ee728b)  -> (artifact id: '2657e2480d7b600a539baeff08ccc32a') in 0.098046 seconds 
========================================================================
Received Import Request.
  Time since last request: 0.001034 seconds.
  path: Assets/3-1 Rhythm Game Sprites/Note 2.png
  artifactKey: Guid(975245d5615bf4a4cb784dc0eb0edf4f) Importer(815301076,1909f56bfc062723c751e8b465ee728b)
Start importing Assets/3-1 Rhythm Game Sprites/Note 2.png using Guid(975245d5615bf4a4cb784dc0eb0edf4f) Importer(815301076,1909f56bfc062723c751e8b465ee728b)  -> (artifact id: '5e4e544cfa384df75be0c4b59edb8b8e') in 0.128433 seconds 
========================================================================
Received Import Request.
  Time since last request: 0.000397 seconds.
  path: Assets/Scenes/Game.unity
  artifactKey: Guid(2cda990e2423bbf4892e6590ba056729) Importer(815301076,1909f56bfc062723c751e8b465ee728b)
Start importing Assets/Scenes/Game.unity using Guid(2cda990e2423bbf4892e6590ba056729) Importer(815301076,1909f56bfc062723c751e8b465ee728b)  -> (artifact id: '7557a873620892b55e0a8a429d2c1399') in 0.039660 seconds 
========================================================================
Received Import Request.
  Time since last request: 0.000705 seconds.
  path: Assets/3-1 Rhythm Game Sprites/judgeEarly.png
  artifactKey: Guid(c2df0f84a6a20f1498c26787b9cd87c4) Importer(815301076,1909f56bfc062723c751e8b465ee728b)
Start importing Assets/3-1 Rhythm Game Sprites/judgeEarly.png using Guid(c2df0f84a6a20f1498c26787b9cd87c4) Importer(815301076,1909f56bfc062723c751e8b465ee728b)  -> (artifact id: 'd51d3822eb1a44a78c1be59731b94374') in 0.076423 seconds 
========================================================================
Received Import Request.
  Time since last request: 0.000394 seconds.
  path: Assets/3-1 Rhythm Game Sprites/Note 1.png
  artifactKey: Guid(8b0a8e59ac10fe548b93a7edb15fe8c9) Importer(815301076,1909f56bfc062723c751e8b465ee728b)
Start importing Assets/3-1 Rhythm Game Sprites/Note 1.png using Guid(8b0a8e59ac10fe548b93a7edb15fe8c9) Importer(815301076,1909f56bfc062723c751e8b465ee728b)  -> (artifact id: '15ca577e0f8591218c04c15c338a489b') in 0.086558 seconds 
========================================================================
Received Import Request.
  Time since last request: 0.000393 seconds.
  path: Assets/font/NanumBarunGothicBold.ttf
  artifactKey: Guid(85d7b0861768e724187830aeb0540c81) Importer(815301076,1909f56bfc062723c751e8b465ee728b)
Start importing Assets/font/NanumBarunGothicBold.ttf using Guid(85d7b0861768e724187830aeb0540c81) Importer(815301076,1909f56bfc062723c751e8b465ee728b)  -> (artifact id: '7599eb9f6639d45f3d4605fba4dc3567') in 0.116886 seconds 
========================================================================
Received Import Request.
  Time since last request: 0.000414 seconds.
  path: Assets/3-1 Rhythm Game Sprites/Result Background.jpg
  artifactKey: Guid(754f2d656ed3b064a8b7c1b82e872a35) Importer(815301076,1909f56bfc062723c751e8b465ee728b)
Start importing Assets/3-1 Rhythm Game Sprites/Result Background.jpg using Guid(754f2d656ed3b064a8b7c1b82e872a35) Importer(815301076,1909f56bfc062723c751e8b465ee728b)  -> (artifact id: '0845458f198012a15d9b0d3b4d9890c0') in 0.109632 seconds 
========================================================================
Received Import Request.
  Time since last request: 0.000361 seconds.
  path: Assets/3-1 Rhythm Game Sprites/Square.png
  artifactKey: Guid(e4753e734693a6c45a41849d526f332d) Importer(815301076,1909f56bfc062723c751e8b465ee728b)
Start importing Assets/3-1 Rhythm Game Sprites/Square.png using Guid(e4753e734693a6c45a41849d526f332d) Importer(815301076,1909f56bfc062723c751e8b465ee728b)  -> (artifact id: 'ca73ca5caab5f4c87d0406c9190423ed') in 0.184482 seconds 
========================================================================
Received Import Request.
  Time since last request: 0.000429 seconds.
  path: Assets/3-1 Rhythm Game Sprites/Rank A.png
  artifactKey: Guid(5f9f9d843c060ce448ff862b7ba6a5f3) Importer(815301076,1909f56bfc062723c751e8b465ee728b)
Start importing Assets/3-1 Rhythm Game Sprites/Rank A.png using Guid(5f9f9d843c060ce448ff862b7ba6a5f3) Importer(815301076,1909f56bfc062723c751e8b465ee728b)  -> (artifact id: '82e8e0c4e424989c90ffad522ece562e') in 0.112636 seconds 
========================================================================
Received Import Request.
  Time since last request: 0.000392 seconds.
  path: Assets/3-1 Rhythm Game Sprites/Select Background.jpg
  artifactKey: Guid(992c328a10d11ed4e852ea4941aa0f16) Importer(815301076,1909f56bfc062723c751e8b465ee728b)
Start importing Assets/3-1 Rhythm Game Sprites/Select Background.jpg using Guid(992c328a10d11ed4e852ea4941aa0f16) Importer(815301076,1909f56bfc062723c751e8b465ee728b)  -> (artifact id: 'f6595cb4e8bb1b537315b8dca3b5b6d7') in 0.068551 seconds 
========================================================================
Received Import Request.
  Time since last request: 0.000390 seconds.
  path: Assets/3-1 Rhythm Game Sprites/judgeGreat.png
  artifactKey: Guid(b3b35acc68df71f4c8776eff0b50be95) Importer(815301076,1909f56bfc062723c751e8b465ee728b)
Start importing Assets/3-1 Rhythm Game Sprites/judgeGreat.png using Guid(b3b35acc68df71f4c8776eff0b50be95) Importer(815301076,1909f56bfc062723c751e8b465ee728b)  -> (artifact id: '31ebd9ca5f5d9036dcc4f6169c627cb9') in 0.066364 seconds 
========================================================================
Received Import Request.
  Time since last request: 83.219986 seconds.
  path: Assets/Resources/sprites/Bad.png
  artifactKey: Guid(dc988ae092a3eb84690b91a6da4574ae) Importer(815301076,1909f56bfc062723c751e8b465ee728b)
Start importing Assets/Resources/sprites/Bad.png using Guid(dc988ae092a3eb84690b91a6da4574ae) Importer(815301076,1909f56bfc062723c751e8b465ee728b)  -> (artifact id: 'cf101e61366dc9e5e5ca83bc153c8e44') in 0.034098 seconds 
========================================================================
Received Import Request.
  Time since last request: 0.000425 seconds.
  path: Assets/Resources/sprites/Perfect.png
  artifactKey: Guid(62b37c71a8ccb194d9f8450d24366dc2) Importer(815301076,1909f56bfc062723c751e8b465ee728b)
Start importing Assets/Resources/sprites/Perfect.png using Guid(62b37c71a8ccb194d9f8450d24366dc2) Importer(815301076,1909f56bfc062723c751e8b465ee728b)  -> (artifact id: '4700c59cddd9a78dc133e1e6fac93963') in 0.037092 seconds 
========================================================================
Received Import Request.
  Time since last request: 0.000383 seconds.
  path: Assets/Resources/sprites/Miss.png
  artifactKey: Guid(618b3db6abeb3914099fe342088deb89) Importer(815301076,1909f56bfc062723c751e8b465ee728b)
Start importing Assets/Resources/sprites/Miss.png using Guid(618b3db6abeb3914099fe342088deb89) Importer(815301076,1909f56bfc062723c751e8b465ee728b)  -> (artifact id: '1cf821d3ab082c8b8ef38c71c2295794') in 0.055097 seconds 
========================================================================
Received Import Request.
  Time since last request: 0.001064 seconds.
  path: Assets/Resources/sprites/Good.png
  artifactKey: Guid(bf648c01e0451dd45b4937747afd24e4) Importer(815301076,1909f56bfc062723c751e8b465ee728b)
Start importing Assets/Resources/sprites/Good.png using Guid(bf648c01e0451dd45b4937747afd24e4) Importer(815301076,1909f56bfc062723c751e8b465ee728b)  -> (artifact id: '949c96bc81beff0e32358b64b372cbef') in 0.045392 seconds 
========================================================================
Received Import Request.
  Time since last request: 27.727611 seconds.
  path: Assets/Scenes/SongSelcet.unity
  artifactKey: Guid(f6ca5a062c724aa47abf31ec969a3026) Importer(815301076,1909f56bfc062723c751e8b465ee728b)
Start importing Assets/Scenes/SongSelcet.unity using Guid(f6ca5a062c724aa47abf31ec969a3026) Importer(815301076,1909f56bfc062723c751e8b465ee728b)  -> (artifact id: '6d072e763d668d6dcd8e158f910074e9') in 0.024359 seconds 
========================================================================
Received Import Request.
  Time since last request: 726.775356 seconds.
  path: Assets/Scripts
  artifactKey: Guid(b5e07752fe01e8e4998da1d4e330336a) Importer(815301076,1909f56bfc062723c751e8b465ee728b)
Start importing Assets/Scripts using Guid(b5e07752fe01e8e4998da1d4e330336a) Importer(815301076,1909f56bfc062723c751e8b465ee728b)  -> (artifact id: '1b8422e5b9963e7902fe61b07b42c34a') in 0.024302 seconds 
========================================================================
Received Import Request.
  Time since last request: 14.974831 seconds.
  path: Assets/Scripts/Song Selcet Manager.cs
  artifactKey: Guid(ae9d4001c2d5a9b4e914acb9288f306a) Importer(815301076,1909f56bfc062723c751e8b465ee728b)
Start importing Assets/Scripts/Song Selcet Manager.cs using Guid(ae9d4001c2d5a9b4e914acb9288f306a) Importer(815301076,1909f56bfc062723c751e8b465ee728b)  -> (artifact id: '341e3ab90854938fa28b5866e8dcb248') in 0.058561 seconds 
========================================================================
Received Prepare
Registering precompiled user dll's ...
Registered in 0.350322 seconds.
Begin MonoManager ReloadAssembly
Symbol file LoadedFromMemory doesn't match image C:\Users\aktmz\OneDrive\바탕 화면\uniity\Unity_2d_rhythm\Rhythm Game\Library\PackageCache\com.unity.visualscripting@1.6.1\Editor\VisualScripting.Core\Dependencies\YamlDotNet\Unity.VisualScripting.YamlDotNet.dll
Symbol file LoadedFromMemory doesn't match image C:\Users\aktmz\OneDrive\바탕 화면\uniity\Unity_2d_rhythm\Rhythm Game\Library\PackageCache\com.unity.visualscripting@1.6.1\Editor\VisualScripting.Core\Dependencies\DotNetZip\Unity.VisualScripting.IonicZip.dll
Native extension for WindowsStandalone target not found
Refreshing native plugins compatible for Editor in 1.74 ms, found 4 plugins.
Preloading 0 native plugins for Editor in 0.00 ms.
Mono: successfully reloaded assembly
- Completed reload, in  5.415 seconds
Domain Reload Profiling:
	ReloadAssembly (5416ms)
		BeginReloadAssembly (499ms)
			ExecutionOrderSort (0ms)
			DisableScriptedObjects (25ms)
			BackupInstance (0ms)
			ReleaseScriptingObjects (0ms)
			CreateAndSetChildDomain (147ms)
		EndReloadAssembly (3908ms)
			LoadAssemblies (1488ms)
			RebuildTransferFunctionScriptingTraits (0ms)
			SetupTypeCache (1089ms)
			ReleaseScriptCaches (2ms)
			RebuildScriptCaches (136ms)
			SetupLoadedEditorAssemblies (853ms)
				LogAssemblyErrors (0ms)
				InitializePlatformSupportModulesInManaged (10ms)
				SetLoadedEditorAssemblies (1ms)
				RefreshPlugins (2ms)
				BeforeProcessingInitializeOnLoad (176ms)
				ProcessInitializeOnLoadAttributes (613ms)
				ProcessInitializeOnLoadMethodAttributes (34ms)
				AfterProcessingInitializeOnLoad (17ms)
				EditorAssembliesLoaded (0ms)
			ExecutionOrderSort2 (0ms)
			AwakeInstancesAfterBackupRestoration (47ms)
Platform modules already initialized, skipping
Refreshing native plugins compatible for Editor in 1.08 ms, found 4 plugins.
Preloading 0 native plugins for Editor in 0.00 ms.
Unloading 3788 Unused Serialized files (Serialized files now loaded: 0)
System memory in use before: 165.4 MB.
System memory in use after: 165.6 MB.

Unloading 21 unused Assets to reduce memory usage. Loaded Objects now: 4643.
Total: 10.150300 ms (FindLiveObjects: 0.482300 ms CreateObjectMapping: 0.563400 ms MarkObjects: 9.060700 ms  DeleteObjects: 0.041800 ms)

AssetImportParameters requested are different than current active one (requested -> active):
  custom:framework-win-MediaFoundation: 216162199b28c13a410421893ffa2e32 -> 
  custom:video-decoder-ogg-theora: a1e56fd34408186e4bbccfd4996cb3dc -> 
  custom:container-muxer-webm: aa71ff27fc2769a1b78a27578f13a17b -> 
  custom:container-demuxer-webm: 4f35f7cbe854078d1ac9338744f61a02 -> 
  custom:container-demuxer-ogg: 62fdf1f143b41e24485cea50d1cbac27 -> 
  custom:video-encoder-webm-vp8: eb34c28f22e8b96e1ab97ce403110664 -> 
  custom:video-decoder-webm-vp8: 9c59270c3fd7afecdb556c50c9e8de78 -> 
  custom:audio-decoder-ogg-vorbis: bf7c407c2cedff20999df2af8eb42d56 -> 
  custom:audio-encoder-webm-vorbis: bf7c407c2cedff20999df2af8eb42d56 -> 
========================================================================
Received Import Request.
  Time since last request: 200.748172 seconds.
  path: Assets/Scripts/SongSelcetManager.cs
  artifactKey: Guid(ae9d4001c2d5a9b4e914acb9288f306a) Importer(815301076,1909f56bfc062723c751e8b465ee728b)
Start importing Assets/Scripts/SongSelcetManager.cs using Guid(ae9d4001c2d5a9b4e914acb9288f306a) Importer(815301076,1909f56bfc062723c751e8b465ee728b)  -> (artifact id: 'f5c593e9029f9056ace965c1cc3240a4') in 0.056028 seconds 
========================================================================
Received Prepare
Registering precompiled user dll's ...
Registered in 0.013267 seconds.
Begin MonoManager ReloadAssembly
Symbol file LoadedFromMemory doesn't match image C:\Users\aktmz\OneDrive\바탕 화면\uniity\Unity_2d_rhythm\Rhythm Game\Library\PackageCache\com.unity.visualscripting@1.6.1\Editor\VisualScripting.Core\Dependencies\YamlDotNet\Unity.VisualScripting.YamlDotNet.dll
Symbol file LoadedFromMemory doesn't match image C:\Users\aktmz\OneDrive\바탕 화면\uniity\Unity_2d_rhythm\Rhythm Game\Library\PackageCache\com.unity.visualscripting@1.6.1\Editor\VisualScripting.Core\Dependencies\DotNetZip\Unity.VisualScripting.IonicZip.dll
Native extension for WindowsStandalone target not found
Refreshing native plugins compatible for Editor in 8.68 ms, found 4 plugins.
Preloading 0 native plugins for Editor in 0.00 ms.
Mono: successfully reloaded assembly
- Completed reload, in  3.618 seconds
Domain Reload Profiling:
	ReloadAssembly (3619ms)
		BeginReloadAssembly (295ms)
			ExecutionOrderSort (0ms)
			DisableScriptedObjects (24ms)
			BackupInstance (0ms)
			ReleaseScriptingObjects (0ms)
			CreateAndSetChildDomain (81ms)
		EndReloadAssembly (3187ms)
			LoadAssemblies (223ms)
			RebuildTransferFunctionScriptingTraits (0ms)
			SetupTypeCache (793ms)
			ReleaseScriptCaches (2ms)
			RebuildScriptCaches (85ms)
			SetupLoadedEditorAssemblies (1503ms)
				LogAssemblyErrors (0ms)
				InitializePlatformSupportModulesInManaged (8ms)
				SetLoadedEditorAssemblies (1ms)
				RefreshPlugins (9ms)
				BeforeProcessingInitializeOnLoad (163ms)
				ProcessInitializeOnLoadAttributes (1015ms)
				ProcessInitializeOnLoadMethodAttributes (295ms)
				AfterProcessingInitializeOnLoad (13ms)
				EditorAssembliesLoaded (0ms)
			ExecutionOrderSort2 (0ms)
			AwakeInstancesAfterBackupRestoration (219ms)
Platform modules already initialized, skipping
Refreshing native plugins compatible for Editor in 1.49 ms, found 4 plugins.
Preloading 0 native plugins for Editor in 0.00 ms.
Unloading 3764 Unused Serialized files (Serialized files now loaded: 0)
System memory in use before: 164.5 MB.
System memory in use after: 164.7 MB.

Unloading 21 unused Assets to reduce memory usage. Loaded Objects now: 4646.
Total: 12.965100 ms (FindLiveObjects: 0.673400 ms CreateObjectMapping: 0.578100 ms MarkObjects: 11.677000 ms  DeleteObjects: 0.034500 ms)

AssetImportParameters requested are different than current active one (requested -> active):
  custom:framework-win-MediaFoundation: 216162199b28c13a410421893ffa2e32 -> 
  custom:video-decoder-ogg-theora: a1e56fd34408186e4bbccfd4996cb3dc -> 
  custom:container-muxer-webm: aa71ff27fc2769a1b78a27578f13a17b -> 
  custom:container-demuxer-webm: 4f35f7cbe854078d1ac9338744f61a02 -> 
  custom:container-demuxer-ogg: 62fdf1f143b41e24485cea50d1cbac27 -> 
  custom:video-encoder-webm-vp8: eb34c28f22e8b96e1ab97ce403110664 -> 
  custom:video-decoder-webm-vp8: 9c59270c3fd7afecdb556c50c9e8de78 -> 
  custom:audio-decoder-ogg-vorbis: bf7c407c2cedff20999df2af8eb42d56 -> 
  custom:audio-encoder-webm-vorbis: bf7c407c2cedff20999df2af8eb42d56 -> 
========================================================================
Received Import Request.
  Time since last request: 724.071977 seconds.
  path: Assets/Scripts/SongSelcetManager.cs
  artifactKey: Guid(ae9d4001c2d5a9b4e914acb9288f306a) Importer(815301076,1909f56bfc062723c751e8b465ee728b)
Start importing Assets/Scripts/SongSelcetManager.cs using Guid(ae9d4001c2d5a9b4e914acb9288f306a) Importer(815301076,1909f56bfc062723c751e8b465ee728b)  -> (artifact id: '146399b3cd52fc2e4521fafdbeec8052') in 0.066745 seconds 
========================================================================
Received Import Request.
  Time since last request: 151.073610 seconds.
  path: Assets/Scripts/SongSelcetManager.cs
  artifactKey: Guid(ae9d4001c2d5a9b4e914acb9288f306a) Importer(815301076,1909f56bfc062723c751e8b465ee728b)
Start importing Assets/Scripts/SongSelcetManager.cs using Guid(ae9d4001c2d5a9b4e914acb9288f306a) Importer(815301076,1909f56bfc062723c751e8b465ee728b)  -> (artifact id: '2bb02920177a86d277fb0b504f79a88e') in 0.356087 seconds 
========================================================================
Received Import Request.
  Time since last request: 59.939807 seconds.
  path: Assets/Scripts/SongSelcetManager.cs
  artifactKey: Guid(ae9d4001c2d5a9b4e914acb9288f306a) Importer(815301076,1909f56bfc062723c751e8b465ee728b)
Start importing Assets/Scripts/SongSelcetManager.cs using Guid(ae9d4001c2d5a9b4e914acb9288f306a) Importer(815301076,1909f56bfc062723c751e8b465ee728b)  -> (artifact id: '9cf84797b8e6684b6edafc5da4503856') in 0.006774 seconds 
========================================================================
Received Import Request.
  Time since last request: 45.321815 seconds.
  path: Assets/Scripts/SongSelcetManager.cs
  artifactKey: Guid(ae9d4001c2d5a9b4e914acb9288f306a) Importer(815301076,1909f56bfc062723c751e8b465ee728b)
Start importing Assets/Scripts/SongSelcetManager.cs using Guid(ae9d4001c2d5a9b4e914acb9288f306a) Importer(815301076,1909f56bfc062723c751e8b465ee728b)  -> (artifact id: 'aadba95e2d0a3f0194cab1697f8e4355') in 0.024169 seconds 
========================================================================
Received Import Request.
  Time since last request: 221.143443 seconds.
  path: Assets/Scripts/NoteController.cs
  artifactKey: Guid(5b6bc929dc9206942bc98eaee8fb5dbd) Importer(815301076,1909f56bfc062723c751e8b465ee728b)
Start importing Assets/Scripts/NoteController.cs using Guid(5b6bc929dc9206942bc98eaee8fb5dbd) Importer(815301076,1909f56bfc062723c751e8b465ee728b)  -> (artifact id: '5be752a8c09bbf1366d8b937b754f8f7') in 0.024984 seconds 
========================================================================
Received Import Request.
  Time since last request: 0.337845 seconds.
  path: Assets/Scripts/ResultInfo.cs
  artifactKey: Guid(8bbaf274e2c38d34caf637f255e7d6cf) Importer(815301076,1909f56bfc062723c751e8b465ee728b)
Start importing Assets/Scripts/ResultInfo.cs using Guid(8bbaf274e2c38d34caf637f255e7d6cf) Importer(815301076,1909f56bfc062723c751e8b465ee728b)  -> (artifact id: '0c4ffb4754cf73a936e77eb35fd9deec') in 0.020238 seconds 
========================================================================
Received Import Request.
  Time since last request: 9.524973 seconds.
  path: Assets/Scripts/ResultManager.cs
  artifactKey: Guid(da6ee98c539c30b478e031f2088a7487) Importer(815301076,1909f56bfc062723c751e8b465ee728b)
Start importing Assets/Scripts/ResultManager.cs using Guid(da6ee98c539c30b478e031f2088a7487) Importer(815301076,1909f56bfc062723c751e8b465ee728b)  -> (artifact id: '82ee1cce2e1d14810b8fe02fd6bfca1f') in 0.029873 seconds 
========================================================================
Received Import Request.
  Time since last request: 68.373592 seconds.
  path: Assets/Scripts/SongSelcetManager.cs
  artifactKey: Guid(ae9d4001c2d5a9b4e914acb9288f306a) Importer(815301076,1909f56bfc062723c751e8b465ee728b)
Start importing Assets/Scripts/SongSelcetManager.cs using Guid(ae9d4001c2d5a9b4e914acb9288f306a) Importer(815301076,1909f56bfc062723c751e8b465ee728b)  -> (artifact id: '9d61210fc33fb583f9cfd20687adfad9') in 0.031129 seconds 
========================================================================
Received Import Request.
  Time since last request: 48.917759 seconds.
  path: Assets/Scenes/GameResult.unity
  artifactKey: Guid(fe787a1b56bd5a84cbdfadd10d47508d) Importer(815301076,1909f56bfc062723c751e8b465ee728b)
Start importing Assets/Scenes/GameResult.unity using Guid(fe787a1b56bd5a84cbdfadd10d47508d) Importer(815301076,1909f56bfc062723c751e8b465ee728b)  -> (artifact id: '2bd1ae380d12286894c2a66e5a582a89') in 0.039139 seconds 
========================================================================
Received Import Request.
  Time since last request: 17.630211 seconds.
  path: Assets/Scripts/SongSelcetManager.cs
  artifactKey: Guid(ae9d4001c2d5a9b4e914acb9288f306a) Importer(815301076,1909f56bfc062723c751e8b465ee728b)
Start importing Assets/Scripts/SongSelcetManager.cs using Guid(ae9d4001c2d5a9b4e914acb9288f306a) Importer(815301076,1909f56bfc062723c751e8b465ee728b)  -> (artifact id: '2206b0bb008bf4e34c91e91ccce32c7b') in 0.022129 seconds 
========================================================================
Received Import Request.
  Time since last request: 32.658305 seconds.
  path: Assets/Scenes/SongSelcet.unity
  artifactKey: Guid(f6ca5a062c724aa47abf31ec969a3026) Importer(815301076,1909f56bfc062723c751e8b465ee728b)
Start importing Assets/Scenes/SongSelcet.unity using Guid(f6ca5a062c724aa47abf31ec969a3026) Importer(815301076,1909f56bfc062723c751e8b465ee728b)  -> (artifact id: 'ad6df97e0e6beab482d9b662cc0af50e') in 0.020270 seconds 
========================================================================
Received Import Request.
  Time since last request: 277.062866 seconds.
  path: Assets/Scripts/BackgroundColor.cs
  artifactKey: Guid(fbdae52880ef1ad4d93fcec721180597) Importer(815301076,1909f56bfc062723c751e8b465ee728b)
Start importing Assets/Scripts/BackgroundColor.cs using Guid(fbdae52880ef1ad4d93fcec721180597) Importer(815301076,1909f56bfc062723c751e8b465ee728b)  -> (artifact id: '50e2798eac4d2966b2398829570f46bc') in 0.027092 seconds 
========================================================================
Received Prepare
Registering precompiled user dll's ...
Registered in 0.023127 seconds.
Begin MonoManager ReloadAssembly
Symbol file LoadedFromMemory doesn't match image C:\Users\aktmz\OneDrive\바탕 화면\uniity\Unity_2d_rhythm\Rhythm Game\Library\PackageCache\com.unity.visualscripting@1.6.1\Editor\VisualScripting.Core\Dependencies\YamlDotNet\Unity.VisualScripting.YamlDotNet.dll
Symbol file LoadedFromMemory doesn't match image C:\Users\aktmz\OneDrive\바탕 화면\uniity\Unity_2d_rhythm\Rhythm Game\Library\PackageCache\com.unity.visualscripting@1.6.1\Editor\VisualScripting.Core\Dependencies\DotNetZip\Unity.VisualScripting.IonicZip.dll
Native extension for WindowsStandalone target not found
Refreshing native plugins compatible for Editor in 1.03 ms, found 4 plugins.
Preloading 0 native plugins for Editor in 0.00 ms.
Mono: successfully reloaded assembly
- Completed reload, in  3.788 seconds
Domain Reload Profiling:
	ReloadAssembly (3789ms)
		BeginReloadAssembly (692ms)
			ExecutionOrderSort (0ms)
			DisableScriptedObjects (67ms)
			BackupInstance (0ms)
			ReleaseScriptingObjects (0ms)
			CreateAndSetChildDomain (255ms)
		EndReloadAssembly (2198ms)
			LoadAssemblies (411ms)
			RebuildTransferFunctionScriptingTraits (0ms)
			SetupTypeCache (904ms)
			ReleaseScriptCaches (4ms)
			RebuildScriptCaches (113ms)
			SetupLoadedEditorAssemblies (686ms)
				LogAssemblyErrors (0ms)
				InitializePlatformSupportModulesInManaged (11ms)
				SetLoadedEditorAssemblies (1ms)
				RefreshPlugins (1ms)
				BeforeProcessingInitializeOnLoad (149ms)
				ProcessInitializeOnLoadAttributes (481ms)
				ProcessInitializeOnLoadMethodAttributes (31ms)
				AfterProcessingInitializeOnLoad (13ms)
				EditorAssembliesLoaded (0ms)
			ExecutionOrderSort2 (0ms)
			AwakeInstancesAfterBackupRestoration (47ms)
Platform modules already initialized, skipping
Refreshing native plugins compatible for Editor in 1.57 ms, found 4 plugins.
Preloading 0 native plugins for Editor in 0.00 ms.
Unloading 3764 Unused Serialized files (Serialized files now loaded: 0)
System memory in use before: 164.5 MB.
System memory in use after: 164.8 MB.

Unloading 21 unused Assets to reduce memory usage. Loaded Objects now: 4649.
Total: 9.193600 ms (FindLiveObjects: 0.401500 ms CreateObjectMapping: 0.314000 ms MarkObjects: 8.409800 ms  DeleteObjects: 0.065800 ms)

AssetImportParameters requested are different than current active one (requested -> active):
  custom:framework-win-MediaFoundation: 216162199b28c13a410421893ffa2e32 -> 
  custom:video-decoder-ogg-theora: a1e56fd34408186e4bbccfd4996cb3dc -> 
  custom:container-muxer-webm: aa71ff27fc2769a1b78a27578f13a17b -> 
  custom:container-demuxer-webm: 4f35f7cbe854078d1ac9338744f61a02 -> 
  custom:container-demuxer-ogg: 62fdf1f143b41e24485cea50d1cbac27 -> 
  custom:video-encoder-webm-vp8: eb34c28f22e8b96e1ab97ce403110664 -> 
  custom:video-decoder-webm-vp8: 9c59270c3fd7afecdb556c50c9e8de78 -> 
  custom:audio-decoder-ogg-vorbis: bf7c407c2cedff20999df2af8eb42d56 -> 
  custom:audio-encoder-webm-vorbis: bf7c407c2cedff20999df2af8eb42d56 -> 
========================================================================
Received Prepare
Registering precompiled user dll's ...
Registered in 0.012653 seconds.
Begin MonoManager ReloadAssembly
Symbol file LoadedFromMemory doesn't match image C:\Users\aktmz\OneDrive\바탕 화면\uniity\Unity_2d_rhythm\Rhythm Game\Library\PackageCache\com.unity.visualscripting@1.6.1\Editor\VisualScripting.Core\Dependencies\YamlDotNet\Unity.VisualScripting.YamlDotNet.dll
Symbol file LoadedFromMemory doesn't match image C:\Users\aktmz\OneDrive\바탕 화면\uniity\Unity_2d_rhythm\Rhythm Game\Library\PackageCache\com.unity.visualscripting@1.6.1\Editor\VisualScripting.Core\Dependencies\DotNetZip\Unity.VisualScripting.IonicZip.dll
Native extension for WindowsStandalone target not found
Refreshing native plugins compatible for Editor in 1.69 ms, found 4 plugins.
Preloading 0 native plugins for Editor in 0.00 ms.
Mono: successfully reloaded assembly
- Completed reload, in  2.038 seconds
Domain Reload Profiling:
	ReloadAssembly (2039ms)
		BeginReloadAssembly (236ms)
			ExecutionOrderSort (0ms)
			DisableScriptedObjects (18ms)
			BackupInstance (0ms)
			ReleaseScriptingObjects (0ms)
			CreateAndSetChildDomain (67ms)
		EndReloadAssembly (1694ms)
			LoadAssemblies (176ms)
			RebuildTransferFunctionScriptingTraits (0ms)
			SetupTypeCache (714ms)
			ReleaseScriptCaches (2ms)
			RebuildScriptCaches (78ms)
			SetupLoadedEditorAssemblies (535ms)
				LogAssemblyErrors (0ms)
				InitializePlatformSupportModulesInManaged (10ms)
				SetLoadedEditorAssemblies (1ms)
				RefreshPlugins (2ms)
				BeforeProcessingInitializeOnLoad (125ms)
				ProcessInitializeOnLoadAttributes (367ms)
				ProcessInitializeOnLoadMethodAttributes (21ms)
				AfterProcessingInitializeOnLoad (9ms)
				EditorAssembliesLoaded (0ms)
			ExecutionOrderSort2 (0ms)
			AwakeInstancesAfterBackupRestoration (35ms)
Platform modules already initialized, skipping
Refreshing native plugins compatible for Editor in 0.93 ms, found 4 plugins.
Preloading 0 native plugins for Editor in 0.00 ms.
Unloading 3764 Unused Serialized files (Serialized files now loaded: 0)
System memory in use before: 164.5 MB.
System memory in use after: 164.8 MB.

Unloading 21 unused Assets to reduce memory usage. Loaded Objects now: 4652.
Total: 9.248500 ms (FindLiveObjects: 0.536000 ms CreateObjectMapping: 0.357200 ms MarkObjects: 8.325800 ms  DeleteObjects: 0.027900 ms)

AssetImportParameters requested are different than current active one (requested -> active):
  custom:framework-win-MediaFoundation: 216162199b28c13a410421893ffa2e32 -> 
  custom:video-decoder-ogg-theora: a1e56fd34408186e4bbccfd4996cb3dc -> 
  custom:container-muxer-webm: aa71ff27fc2769a1b78a27578f13a17b -> 
  custom:container-demuxer-webm: 4f35f7cbe854078d1ac9338744f61a02 -> 
  custom:container-demuxer-ogg: 62fdf1f143b41e24485cea50d1cbac27 -> 
  custom:video-encoder-webm-vp8: eb34c28f22e8b96e1ab97ce403110664 -> 
  custom:video-decoder-webm-vp8: 9c59270c3fd7afecdb556c50c9e8de78 -> 
  custom:audio-decoder-ogg-vorbis: bf7c407c2cedff20999df2af8eb42d56 -> 
  custom:audio-encoder-webm-vorbis: bf7c407c2cedff20999df2af8eb42d56 -> 
========================================================================
Received Prepare
Registering precompiled user dll's ...
Registered in 0.017377 seconds.
Begin MonoManager ReloadAssembly
Symbol file LoadedFromMemory doesn't match image C:\Users\aktmz\OneDrive\바탕 화면\uniity\Unity_2d_rhythm\Rhythm Game\Library\PackageCache\com.unity.visualscripting@1.6.1\Editor\VisualScripting.Core\Dependencies\YamlDotNet\Unity.VisualScripting.YamlDotNet.dll
Symbol file LoadedFromMemory doesn't match image C:\Users\aktmz\OneDrive\바탕 화면\uniity\Unity_2d_rhythm\Rhythm Game\Library\PackageCache\com.unity.visualscripting@1.6.1\Editor\VisualScripting.Core\Dependencies\DotNetZip\Unity.VisualScripting.IonicZip.dll
Native extension for WindowsStandalone target not found
Refreshing native plugins compatible for Editor in 1.08 ms, found 4 plugins.
Preloading 0 native plugins for Editor in 0.00 ms.
Mono: successfully reloaded assembly
- Completed reload, in  4.258 seconds
Domain Reload Profiling:
	ReloadAssembly (4259ms)
		BeginReloadAssembly (475ms)
			ExecutionOrderSort (0ms)
			DisableScriptedObjects (46ms)
			BackupInstance (0ms)
			ReleaseScriptingObjects (0ms)
			CreateAndSetChildDomain (125ms)
		EndReloadAssembly (3548ms)
			LoadAssemblies (426ms)
			RebuildTransferFunctionScriptingTraits (0ms)
			SetupTypeCache (1770ms)
			ReleaseScriptCaches (3ms)
			RebuildScriptCaches (196ms)
			SetupLoadedEditorAssemblies (779ms)
				LogAssemblyErrors (0ms)
				InitializePlatformSupportModulesInManaged (10ms)
				SetLoadedEditorAssemblies (2ms)
				RefreshPlugins (1ms)
				BeforeProcessingInitializeOnLoad (176ms)
				ProcessInitializeOnLoadAttributes (547ms)
				ProcessInitializeOnLoadMethodAttributes (30ms)
				AfterProcessingInitializeOnLoad (13ms)
				EditorAssembliesLoaded (0ms)
			ExecutionOrderSort2 (0ms)
			AwakeInstancesAfterBackupRestoration (52ms)
Platform modules already initialized, skipping
Refreshing native plugins compatible for Editor in 1.33 ms, found 4 plugins.
Preloading 0 native plugins for Editor in 0.00 ms.
Unloading 3764 Unused Serialized files (Serialized files now loaded: 0)
System memory in use before: 164.6 MB.
System memory in use after: 164.8 MB.

Unloading 21 unused Assets to reduce memory usage. Loaded Objects now: 4655.
Total: 13.700800 ms (FindLiveObjects: 1.088900 ms CreateObjectMapping: 0.881500 ms MarkObjects: 11.677000 ms  DeleteObjects: 0.050900 ms)

AssetImportParameters requested are different than current active one (requested -> active):
  custom:framework-win-MediaFoundation: 216162199b28c13a410421893ffa2e32 -> 
  custom:video-decoder-ogg-theora: a1e56fd34408186e4bbccfd4996cb3dc -> 
  custom:container-muxer-webm: aa71ff27fc2769a1b78a27578f13a17b -> 
  custom:container-demuxer-webm: 4f35f7cbe854078d1ac9338744f61a02 -> 
  custom:container-demuxer-ogg: 62fdf1f143b41e24485cea50d1cbac27 -> 
  custom:video-encoder-webm-vp8: eb34c28f22e8b96e1ab97ce403110664 -> 
  custom:video-decoder-webm-vp8: 9c59270c3fd7afecdb556c50c9e8de78 -> 
  custom:audio-decoder-ogg-vorbis: bf7c407c2cedff20999df2af8eb42d56 -> 
  custom:audio-encoder-webm-vorbis: bf7c407c2cedff20999df2af8eb42d56 -> 
========================================================================
Received Import Request.
  Time since last request: 1110.272797 seconds.
  path: Assets/Scripts/SongSelcetManager.cs
  artifactKey: Guid(ae9d4001c2d5a9b4e914acb9288f306a) Importer(815301076,1909f56bfc062723c751e8b465ee728b)
Start importing Assets/Scripts/SongSelcetManager.cs using Guid(ae9d4001c2d5a9b4e914acb9288f306a) Importer(815301076,1909f56bfc062723c751e8b465ee728b)  -> (artifact id: 'a1b36829e92ce687e165117c39fc9431') in 0.036715 seconds 
========================================================================
Received Prepare
Registering precompiled user dll's ...
Registered in 0.016486 seconds.
Begin MonoManager ReloadAssembly
Symbol file LoadedFromMemory doesn't match image C:\Users\aktmz\OneDrive\바탕 화면\uniity\Unity_2d_rhythm\Rhythm Game\Library\PackageCache\com.unity.visualscripting@1.6.1\Editor\VisualScripting.Core\Dependencies\YamlDotNet\Unity.VisualScripting.YamlDotNet.dll
Symbol file LoadedFromMemory doesn't match image C:\Users\aktmz\OneDrive\바탕 화면\uniity\Unity_2d_rhythm\Rhythm Game\Library\PackageCache\com.unity.visualscripting@1.6.1\Editor\VisualScripting.Core\Dependencies\DotNetZip\Unity.VisualScripting.IonicZip.dll
Native extension for WindowsStandalone target not found
Refreshing native plugins compatible for Editor in 1.78 ms, found 4 plugins.
Preloading 0 native plugins for Editor in 0.00 ms.
Mono: successfully reloaded assembly
- Completed reload, in  2.821 seconds
Domain Reload Profiling:
	ReloadAssembly (2822ms)
		BeginReloadAssembly (281ms)
			ExecutionOrderSort (0ms)
			DisableScriptedObjects (18ms)
			BackupInstance (0ms)
			ReleaseScriptingObjects (0ms)
			CreateAndSetChildDomain (78ms)
		EndReloadAssembly (2392ms)
			LoadAssemblies (248ms)
			RebuildTransferFunctionScriptingTraits (0ms)
			SetupTypeCache (910ms)
			ReleaseScriptCaches (7ms)
			RebuildScriptCaches (117ms)
			SetupLoadedEditorAssemblies (842ms)
				LogAssemblyErrors (0ms)
				InitializePlatformSupportModulesInManaged (11ms)
				SetLoadedEditorAssemblies (1ms)
				RefreshPlugins (2ms)
				BeforeProcessingInitializeOnLoad (202ms)
				ProcessInitializeOnLoadAttributes (582ms)
				ProcessInitializeOnLoadMethodAttributes (31ms)
				AfterProcessingInitializeOnLoad (13ms)
				EditorAssembliesLoaded (0ms)
			ExecutionOrderSort2 (0ms)
			AwakeInstancesAfterBackupRestoration (45ms)
Platform modules already initialized, skipping
Refreshing native plugins compatible for Editor in 2.27 ms, found 4 plugins.
Preloading 0 native plugins for Editor in 0.00 ms.
Unloading 3764 Unused Serialized files (Serialized files now loaded: 0)
System memory in use before: 164.6 MB.
System memory in use after: 164.9 MB.

Unloading 21 unused Assets to reduce memory usage. Loaded Objects now: 4658.
Total: 10.278200 ms (FindLiveObjects: 0.416500 ms CreateObjectMapping: 1.046300 ms MarkObjects: 8.764700 ms  DeleteObjects: 0.049000 ms)

AssetImportParameters requested are different than current active one (requested -> active):
  custom:framework-win-MediaFoundation: 216162199b28c13a410421893ffa2e32 -> 
  custom:video-decoder-ogg-theora: a1e56fd34408186e4bbccfd4996cb3dc -> 
  custom:container-muxer-webm: aa71ff27fc2769a1b78a27578f13a17b -> 
  custom:container-demuxer-webm: 4f35f7cbe854078d1ac9338744f61a02 -> 
  custom:container-demuxer-ogg: 62fdf1f143b41e24485cea50d1cbac27 -> 
  custom:video-encoder-webm-vp8: eb34c28f22e8b96e1ab97ce403110664 -> 
  custom:video-decoder-webm-vp8: 9c59270c3fd7afecdb556c50c9e8de78 -> 
  custom:audio-decoder-ogg-vorbis: bf7c407c2cedff20999df2af8eb42d56 -> 
  custom:audio-encoder-webm-vorbis: bf7c407c2cedff20999df2af8eb42d56 -> 
========================================================================
Received Import Request.
  Time since last request: 21.476069 seconds.
  path: Assets/Scripts/SongSelcetManager.cs
  artifactKey: Guid(ae9d4001c2d5a9b4e914acb9288f306a) Importer(815301076,1909f56bfc062723c751e8b465ee728b)
Start importing Assets/Scripts/SongSelcetManager.cs using Guid(ae9d4001c2d5a9b4e914acb9288f306a) Importer(815301076,1909f56bfc062723c751e8b465ee728b)  -> (artifact id: '1f60243b36c6ca1a5d1d6417a7bd2771') in 0.012425 seconds 
AssetImportWorkerClient::OnTransportError - code=2 error=End of file
